Device: cuda

==================================================
  Training with seed=42
==================================================

  [SD] Loading Stable Diffusion v1.5 from: /mnt/workspace/Experiments/stable-diffusion-v1-5
[aiter] import [module_aiter_enum] under /usr/local/lib/python3.12/dist-packages/aiter/jit/module_aiter_enum.so
  [SD] Using local cache (local_files_only=True)
Loading pipeline components...:   0%|                                                                                             | 0/6 [00:00<?, ?it/s]CLIPFeatureExtractor appears to have been deprecated in transformers. Using CLIPImageProcessor instead.
Loading pipeline components...:  33%|████████████████████████████▎                                                        | 2/6 [00:01<00:02,  1.68it/s]Loading pipeline components...:  67%|████████████████████████████████████████████████████████▋                            | 4/6 [00:08<00:04,  2.27s/it]
Loading weights:   0%|                                                                                                          | 0/196 [00:00<?, ?it/s][ALoading weights: 100%|██████████████████████████████████████████████████████████████████████████████████████████████| 196/196 [00:00<00:00, 2731.89it/s]
Loading pipeline components...: 100%|█████████████████████████████████████████████████████████████████████████████████████| 6/6 [00:08<00:00,  1.29s/it]Loading pipeline components...: 100%|█████████████████████████████████████████████████████████████████████████████████████| 6/6 [00:08<00:00,  1.38s/it]
You have disabled the safety checker for <class 'diffusers.pipelines.stable_diffusion.pipeline_stable_diffusion.StableDiffusionPipeline'> by passing `safety_checker=None`. Ensure that you abide to the conditions of the Stable Diffusion license and do not expose unfiltered results in services or applications open to the public. Both the diffusers team and Hugging Face strongly recommend to keep the safety filter enabled in all public facing circumstances, disabling it only for use-cases that involve analyzing network behavior or auditing its results. For more information, please have a look at https://github.com/huggingface/diffusers/pull/254 .
  [SD] Pipeline loaded successfully
  [SD] Generating 500 images at 64x64...
  [SD] Generated 20/500...
  [SD] Generated 40/500...
  [SD] Generated 60/500...
  [SD] Generated 80/500...
  [SD] Generated 100/500...
  [SD] Generated 120/500...
  [SD] Generated 140/500...
  [SD] Generated 160/500...
  [SD] Generated 180/500...
  [SD] Generated 200/500...
  [SD] Generated 220/500...
  [SD] Generated 240/500...
  [SD] Generated 260/500...
  [SD] Generated 280/500...
  [SD] Generated 300/500...
  [SD] Generated 320/500...
  [SD] Generated 340/500...
  [SD] Generated 360/500...
  [SD] Generated 380/500...
  [SD] Generated 400/500...
  [SD] Generated 420/500...
  [SD] Generated 440/500...
  [SD] Generated 460/500...
  [SD] Generated 480/500...
  [SD] Generated 500/500...
  [SD] Done: 500 images in 423.1s (0.85s/img)
  [SD] Generating 50 images at 64x64...
  [SD] Generated 20/50...
  [SD] Generated 40/50...
  [SD] Done: 50 images in 25.6s (0.51s/img)
  [Seed 42] Epoch   0/80 [1%] | PSNR=12.8 | IoU=0.0700 | ETA=0s
  [Seed 42] Epoch   5/80 [7%] | PSNR=13.1 | IoU=0.6884 | ETA=40s
  [Seed 42] Epoch  10/80 [13%] | PSNR=14.9 | IoU=0.6641 | ETA=31s
  [Seed 42] Epoch  15/80 [20%] | PSNR=18.8 | IoU=0.9132 | ETA=28s
  [Seed 42] Epoch  20/80 [26%] | PSNR=20.6 | IoU=0.9393 | ETA=25s
  [Seed 42] Epoch  25/80 [32%] | PSNR=21.4 | IoU=0.9374 | ETA=23s
  [Seed 42] Epoch  30/80 [38%] | PSNR=21.7 | IoU=0.9559 | ETA=20s
  [Seed 42] Epoch  35/80 [45%] | PSNR=21.8 | IoU=0.9465 | ETA=18s
  [Seed 42] Epoch  40/80 [51%] | PSNR=22.4 | IoU=0.9693 | ETA=16s
  [Seed 42] Epoch  45/80 [57%] | PSNR=22.5 | IoU=0.9646 | ETA=14s
  [Seed 42] Epoch  50/80 [63%] | PSNR=22.9 | IoU=0.9684 | ETA=12s
  [Seed 42] Epoch  55/80 [70%] | PSNR=23.0 | IoU=0.9699 | ETA=10s
  [Seed 42] Epoch  60/80 [76%] | PSNR=23.1 | IoU=0.9649 | ETA=8s
  [Seed 42] Epoch  65/80 [82%] | PSNR=23.4 | IoU=0.9691 | ETA=6s
  [Seed 42] Epoch  70/80 [88%] | PSNR=23.5 | IoU=0.9696 | ETA=4s
  [Seed 42] Epoch  75/80 [95%] | PSNR=23.5 | IoU=0.9699 | ETA=2s
  [Seed 42] Epoch  79/80 [100%] | PSNR=23.5 | IoU=0.9689 | ETA=0s
  Final: PSNR=23.52  SSIM=0.9127  IoU=0.9689  Mask Mean=0.0801

==================================================
  Training with seed=123
==================================================
  [SD] Generating 500 images at 64x64...
  [SD] Generated 20/500...
  [SD] Generated 40/500...
  [SD] Generated 60/500...
  [SD] Generated 80/500...
  [SD] Generated 100/500...
  [SD] Generated 120/500...
  [SD] Generated 140/500...
  [SD] Generated 160/500...
  [SD] Generated 180/500...
  [SD] Generated 200/500...
  [SD] Generated 220/500...
  [SD] Generated 240/500...
  [SD] Generated 260/500...
  [SD] Generated 280/500...
  [SD] Generated 300/500...
  [SD] Generated 320/500...
  [SD] Generated 340/500...
  [SD] Generated 360/500...
  [SD] Generated 380/500...
  [SD] Generated 400/500...
  [SD] Generated 420/500...
  [SD] Generated 440/500...
  [SD] Generated 460/500...
  [SD] Generated 480/500...
  [SD] Generated 500/500...
  [SD] Done: 500 images in 304.7s (0.61s/img)
  [SD] Generating 50 images at 64x64...
  [SD] Generated 20/50...
  [SD] Generated 40/50...
  [SD] Done: 50 images in 25.0s (0.50s/img)
  [Seed 123] Epoch   0/80 [1%] | PSNR=12.8 | IoU=0.0469 | ETA=0s
  [Seed 123] Epoch   5/80 [7%] | PSNR=13.1 | IoU=0.6835 | ETA=32s
  [Seed 123] Epoch  10/80 [13%] | PSNR=14.7 | IoU=0.7907 | ETA=27s
  [Seed 123] Epoch  15/80 [20%] | PSNR=18.7 | IoU=0.8870 | ETA=26s
  [Seed 123] Epoch  20/80 [26%] | PSNR=19.4 | IoU=0.9296 | ETA=23s
  [Seed 123] Epoch  25/80 [32%] | PSNR=20.2 | IoU=0.9588 | ETA=21s
  [Seed 123] Epoch  30/80 [38%] | PSNR=20.3 | IoU=0.9504 | ETA=19s
  [Seed 123] Epoch  35/80 [45%] | PSNR=20.6 | IoU=0.9553 | ETA=17s
  [Seed 123] Epoch  40/80 [51%] | PSNR=20.8 | IoU=0.9629 | ETA=15s
  [Seed 123] Epoch  45/80 [57%] | PSNR=21.1 | IoU=0.9682 | ETA=13s
  [Seed 123] Epoch  50/80 [63%] | PSNR=21.0 | IoU=0.9672 | ETA=11s
  [Seed 123] Epoch  55/80 [70%] | PSNR=21.2 | IoU=0.9661 | ETA=9s
  [Seed 123] Epoch  60/80 [76%] | PSNR=21.3 | IoU=0.9688 | ETA=7s
  [Seed 123] Epoch  65/80 [82%] | PSNR=21.4 | IoU=0.9691 | ETA=5s
  [Seed 123] Epoch  70/80 [88%] | PSNR=21.3 | IoU=0.9692 | ETA=3s
  [Seed 123] Epoch  75/80 [95%] | PSNR=21.4 | IoU=0.9697 | ETA=2s
  [Seed 123] Epoch  79/80 [100%] | PSNR=21.4 | IoU=0.9694 | ETA=0s
  Final: PSNR=21.37  SSIM=0.9113  IoU=0.9694  Mask Mean=0.0857

==================================================
  Training with seed=456
==================================================
  [SD] Generating 500 images at 64x64...
  [SD] Generated 20/500...
  [SD] Generated 40/500...
  [SD] Generated 60/500...
  [SD] Generated 80/500...
  [SD] Generated 100/500...
  [SD] Generated 120/500...
  [SD] Generated 140/500...
  [SD] Generated 160/500...
  [SD] Generated 180/500...
  [SD] Generated 200/500...
  [SD] Generated 220/500...
  [SD] Generated 240/500...
  [SD] Generated 260/500...
  [SD] Generated 280/500...
  [SD] Generated 300/500...
  [SD] Generated 320/500...
  [SD] Generated 340/500...
  [SD] Generated 360/500...
  [SD] Generated 380/500...
  [SD] Generated 400/500...
  [SD] Generated 420/500...
  [SD] Generated 440/500...
  [SD] Generated 460/500...
  [SD] Generated 480/500...
  [SD] Generated 500/500...
  [SD] Done: 500 images in 254.4s (0.51s/img)
  [SD] Generating 50 images at 64x64...
  [SD] Generated 20/50...
  [SD] Generated 40/50...
  [SD] Done: 50 images in 25.1s (0.50s/img)
  [Seed 456] Epoch   0/80 [1%] | PSNR=12.3 | IoU=0.1122 | ETA=0s
  [Seed 456] Epoch   5/80 [7%] | PSNR=12.8 | IoU=0.6726 | ETA=28s
  [Seed 456] Epoch  10/80 [13%] | PSNR=14.5 | IoU=0.7936 | ETA=25s
  [Seed 456] Epoch  15/80 [20%] | PSNR=18.3 | IoU=0.8659 | ETA=24s
  [Seed 456] Epoch  20/80 [26%] | PSNR=19.5 | IoU=0.9273 | ETA=22s
  [Seed 456] Epoch  25/80 [32%] | PSNR=19.8 | IoU=0.9431 | ETA=20s
  [Seed 456] Epoch  30/80 [38%] | PSNR=20.0 | IoU=0.9413 | ETA=18s
  [Seed 456] Epoch  35/80 [45%] | PSNR=20.5 | IoU=0.9541 | ETA=17s
  [Seed 456] Epoch  40/80 [51%] | PSNR=20.7 | IoU=0.9569 | ETA=14s
  [Seed 456] Epoch  45/80 [57%] | PSNR=21.2 | IoU=0.9493 | ETA=13s
  [Seed 456] Epoch  50/80 [63%] | PSNR=21.6 | IoU=0.9588 | ETA=11s
  [Seed 456] Epoch  55/80 [70%] | PSNR=21.6 | IoU=0.9551 | ETA=9s
  [Seed 456] Epoch  60/80 [76%] | PSNR=21.9 | IoU=0.9581 | ETA=7s
  [Seed 456] Epoch  65/80 [82%] | PSNR=22.0 | IoU=0.9579 | ETA=5s
  [Seed 456] Epoch  70/80 [88%] | PSNR=22.0 | IoU=0.9579 | ETA=3s
  [Seed 456] Epoch  75/80 [95%] | PSNR=22.0 | IoU=0.9575 | ETA=2s
  [Seed 456] Epoch  79/80 [100%] | PSNR=22.0 | IoU=0.9578 | ETA=0s
  Final: PSNR=22.03  SSIM=0.8917  IoU=0.9578  Mask Mean=0.0891

==================================================
  Training with seed=789
==================================================
  [SD] Generating 500 images at 64x64...
  [SD] Generated 20/500...
  [SD] Generated 40/500...
  [SD] Generated 60/500...
  [SD] Generated 80/500...
  [SD] Generated 100/500...
  [SD] Generated 120/500...
  [SD] Generated 140/500...
  [SD] Generated 160/500...
  [SD] Generated 180/500...
  [SD] Generated 200/500...
  [SD] Generated 220/500...
  [SD] Generated 240/500...
  [SD] Generated 260/500...
  [SD] Generated 280/500...
  [SD] Generated 300/500...
  [SD] Generated 320/500...
  [SD] Generated 340/500...
  [SD] Generated 360/500...
  [SD] Generated 380/500...
  [SD] Generated 400/500...
  [SD] Generated 420/500...
  [SD] Generated 440/500...
  [SD] Generated 460/500...
  [SD] Generated 480/500...
  [SD] Generated 500/500...
  [SD] Done: 500 images in 258.1s (0.52s/img)
  [SD] Generating 50 images at 64x64...
  [SD] Generated 20/50...
  [SD] Generated 40/50...
  [SD] Done: 50 images in 25.5s (0.51s/img)
  [Seed 789] Epoch   0/80 [1%] | PSNR=12.5 | IoU=0.1249 | ETA=0s
  [Seed 789] Epoch   5/80 [7%] | PSNR=12.6 | IoU=0.6630 | ETA=31s
  [Seed 789] Epoch  10/80 [13%] | PSNR=12.0 | IoU=0.8606 | ETA=26s
  [Seed 789] Epoch  15/80 [20%] | PSNR=14.2 | IoU=0.8550 | ETA=24s
  [Seed 789] Epoch  20/80 [26%] | PSNR=19.3 | IoU=0.9376 | ETA=22s
  [Seed 789] Epoch  25/80 [32%] | PSNR=20.0 | IoU=0.9469 | ETA=20s
  [Seed 789] Epoch  30/80 [38%] | PSNR=20.8 | IoU=0.9517 | ETA=18s
  [Seed 789] Epoch  35/80 [45%] | PSNR=21.2 | IoU=0.9540 | ETA=17s
  [Seed 789] Epoch  40/80 [51%] | PSNR=21.2 | IoU=0.9507 | ETA=15s
  [Seed 789] Epoch  45/80 [57%] | PSNR=21.7 | IoU=0.9569 | ETA=13s
  [Seed 789] Epoch  50/80 [63%] | PSNR=22.0 | IoU=0.9549 | ETA=11s
  [Seed 789] Epoch  55/80 [70%] | PSNR=22.1 | IoU=0.9495 | ETA=9s
  [Seed 789] Epoch  60/80 [76%] | PSNR=22.4 | IoU=0.9569 | ETA=7s
  [Seed 789] Epoch  65/80 [82%] | PSNR=22.3 | IoU=0.9546 | ETA=5s
  [Seed 789] Epoch  70/80 [88%] | PSNR=22.4 | IoU=0.9573 | ETA=3s
  [Seed 789] Epoch  75/80 [95%] | PSNR=22.4 | IoU=0.9560 | ETA=2s
  [Seed 789] Epoch  79/80 [100%] | PSNR=22.4 | IoU=0.9561 | ETA=0s
  Final: PSNR=22.43  SSIM=0.9161  IoU=0.9561  Mask Mean=0.0855

==================================================
  Training with seed=1024
==================================================
  [SD] Generating 500 images at 64x64...
  [SD] Generated 20/500...
  [SD] Generated 40/500...
  [SD] Generated 60/500...
  [SD] Generated 80/500...
  [SD] Generated 100/500...
  [SD] Generated 120/500...
  [SD] Generated 140/500...
  [SD] Generated 160/500...
  [SD] Generated 180/500...
  [SD] Generated 200/500...
  [SD] Generated 220/500...
  [SD] Generated 240/500...
  [SD] Generated 260/500...
  [SD] Generated 280/500...
  [SD] Generated 300/500...
  [SD] Generated 320/500...
  [SD] Generated 340/500...
  [SD] Generated 360/500...
  [SD] Generated 380/500...
  [SD] Generated 400/500...
  [SD] Generated 420/500...
  [SD] Generated 440/500...
  [SD] Generated 460/500...
  [SD] Generated 480/500...
  [SD] Generated 500/500...
  [SD] Done: 500 images in 253.6s (0.51s/img)
  [SD] Generating 50 images at 64x64...
  [SD] Generated 20/50...
  [SD] Generated 40/50...
  [SD] Done: 50 images in 25.2s (0.50s/img)
  [Seed 1024] Epoch   0/80 [1%] | PSNR=12.1 | IoU=0.1691 | ETA=0s
  [Seed 1024] Epoch   5/80 [7%] | PSNR=12.1 | IoU=0.6700 | ETA=28s
  [Seed 1024] Epoch  10/80 [13%] | PSNR=15.2 | IoU=0.8566 | ETA=25s
  [Seed 1024] Epoch  15/80 [20%] | PSNR=19.5 | IoU=0.9311 | ETA=25s
  [Seed 1024] Epoch  20/80 [26%] | PSNR=19.9 | IoU=0.8995 | ETA=22s
  [Seed 1024] Epoch  25/80 [32%] | PSNR=20.7 | IoU=0.9507 | ETA=21s
  [Seed 1024] Epoch  30/80 [38%] | PSNR=20.9 | IoU=0.9382 | ETA=18s
  [Seed 1024] Epoch  35/80 [45%] | PSNR=21.7 | IoU=0.9522 | ETA=17s
  [Seed 1024] Epoch  40/80 [51%] | PSNR=21.8 | IoU=0.9295 | ETA=15s
  [Seed 1024] Epoch  45/80 [57%] | PSNR=22.2 | IoU=0.9496 | ETA=13s
  [Seed 1024] Epoch  50/80 [63%] | PSNR=22.4 | IoU=0.9542 | ETA=11s
  [Seed 1024] Epoch  55/80 [70%] | PSNR=22.7 | IoU=0.9495 | ETA=9s
  [Seed 1024] Epoch  60/80 [76%] | PSNR=22.9 | IoU=0.9543 | ETA=7s
  [Seed 1024] Epoch  65/80 [82%] | PSNR=23.0 | IoU=0.9504 | ETA=5s
  [Seed 1024] Epoch  70/80 [88%] | PSNR=23.1 | IoU=0.9505 | ETA=3s
  [Seed 1024] Epoch  75/80 [95%] | PSNR=23.1 | IoU=0.9497 | ETA=2s
  [Seed 1024] Epoch  79/80 [100%] | PSNR=23.2 | IoU=0.9494 | ETA=0s
  Final: PSNR=23.15  SSIM=0.9105  IoU=0.9494  Mask Mean=0.0921

Results saved to /mnt/workspace/Experiments/A8/outputs/results.json
Convergence curves saved to /mnt/workspace/Experiments/A8/outputs/convergence_curves.png
Final metrics bars saved to /mnt/workspace/Experiments/A8/outputs/final_metrics_bars.png
Per-seed convergence saved to /mnt/workspace/Experiments/A8/outputs/per_seed_convergence.png

================================================================================
  MULTI-SEED SUMMARY TABLE
================================================================================
Metric                       Mean        Std        Min        Max
--------------------------------------------------------------------------------
PSNR (dB)                 22.5006     0.7716    21.3665    23.5226
SSIM                       0.9085     0.0086     0.8917     0.9161
L1 Loss                    0.0160     0.0014     0.0141     0.0176
Mask Mean                  0.0865     0.0040     0.0801     0.0921
Mask Contrast            558.5900   197.6168   306.1027   812.1388
IoU                        0.9603     0.0077     0.9494     0.9694
Parameters                1082916          0    1082916    1082916
================================================================================

A8 experiment complete!
